[debug] [2025-07-15T10:03:43.091Z] ----------------------------------------------------------------------
[debug] [2025-07-15T10:03:43.094Z] Command:       /nix/store/rbdrkcs5kkwpalxcd7c6bnm33lk2955n-nodejs-20.19.0/bin/node /nix/store/fprgfkwna33crhc86jqbf5878piivvgw-firebase-tools-14.7.0/lib/node_modules/firebase-tools/lib/bin/firebase.js init hosting
[debug] [2025-07-15T10:03:43.095Z] CLI Version:   14.7.0
[debug] [2025-07-15T10:03:43.095Z] Platform:      linux
[debug] [2025-07-15T10:03:43.095Z] Node Version:  v20.19.0
[debug] [2025-07-15T10:03:43.095Z] Time:          Tue Jul 15 2025 10:03:43 GMT+0000 (Coordinated Universal Time)
[debug] [2025-07-15T10:03:43.095Z] ----------------------------------------------------------------------
[debug] 
[debug] [2025-07-15T10:03:43.101Z] > command requires scopes: ["email","openid","https://www.googleapis.com/auth/cloudplatformprojects.readonly","https://www.googleapis.com/auth/firebase","https://www.googleapis.com/auth/cloud-platform"]
[debug] [2025-07-15T10:03:43.102Z] > authorizing via signed-in user (s20201033@carmelss.edu.hk)
[info] 
     ######## #### ########  ######## ########     ###     ######  ########
     ##        ##  ##     ## ##       ##     ##  ##   ##  ##       ##
     ######    ##  ########  ######   ########  #########  ######  ######
     ##        ##  ##    ##  ##       ##     ## ##     ##       ## ##
     ##       #### ##     ## ######## ########  ##     ##  ######  ########

You're about to initialize a Firebase project in this directory:

  /home/user/s-b-a.github.io

[info] 
=== Project Setup
[info] 
[info] First, let's associate this project directory with a Firebase project.
[info] You can create multiple project aliases by running firebase use --add, 
[info] but for now we'll just set up a default project.
[info] 
[info] i  If you want to create a project in a Google Cloud organization or folder, please use "firebase projects:create" instead, and return to this command when you've created the project. 
[debug] [2025-07-15T10:04:10.845Z] Checked if tokens are valid: true, expires at: 1752577315982
[debug] [2025-07-15T10:04:10.846Z] Checked if tokens are valid: true, expires at: 1752577315982
[debug] [2025-07-15T10:04:10.860Z] >>> [apiv2][query] POST https://cloudresourcemanager.googleapis.com/v1/projects [none]
[debug] [2025-07-15T10:04:10.860Z] >>> [apiv2][body] POST https://cloudresourcemanager.googleapis.com/v1/projects {"projectId":"final-sba","name":"Sportsday helper"}
[debug] [2025-07-15T10:04:11.791Z] <<< [apiv2][status] POST https://cloudresourcemanager.googleapis.com/v1/projects 200
[debug] [2025-07-15T10:04:11.791Z] <<< [apiv2][body] POST https://cloudresourcemanager.googleapis.com/v1/projects {"name":"operations/create_project.global.7766416361035768520"}
[debug] [2025-07-15T10:04:11.793Z] Checked if tokens are valid: true, expires at: 1752577315982
[debug] [2025-07-15T10:04:11.793Z] Checked if tokens are valid: true, expires at: 1752577315982
[debug] [2025-07-15T10:04:11.794Z] >>> [apiv2][query] GET https://cloudresourcemanager.googleapis.com/v1/operations/create_project.global.7766416361035768520 [none]
[debug] [2025-07-15T10:04:12.580Z] <<< [apiv2][status] GET https://cloudresourcemanager.googleapis.com/v1/operations/create_project.global.7766416361035768520 200
[debug] [2025-07-15T10:04:12.580Z] <<< [apiv2][body] GET https://cloudresourcemanager.googleapis.com/v1/operations/create_project.global.7766416361035768520 {"name":"operations/create_project.global.7766416361035768520"}
[debug] [2025-07-15T10:04:13.082Z] [Project Creation Poller] Retrying task index 0
[debug] [2025-07-15T10:04:13.082Z] Checked if tokens are valid: true, expires at: 1752577315982
[debug] [2025-07-15T10:04:13.082Z] Checked if tokens are valid: true, expires at: 1752577315982
[debug] [2025-07-15T10:04:13.083Z] >>> [apiv2][query] GET https://cloudresourcemanager.googleapis.com/v1/operations/create_project.global.7766416361035768520 [none]
[debug] [2025-07-15T10:04:13.313Z] <<< [apiv2][status] GET https://cloudresourcemanager.googleapis.com/v1/operations/create_project.global.7766416361035768520 200
[debug] [2025-07-15T10:04:13.313Z] <<< [apiv2][body] GET https://cloudresourcemanager.googleapis.com/v1/operations/create_project.global.7766416361035768520 {"name":"operations/create_project.global.7766416361035768520","metadata":{"@type":"type.googleapis.com/google.cloudresourcemanager.v1.ProjectCreationStatus","gettable":true,"ready":true},"done":true,"response":{"@type":"type.googleapis.com/google.cloudresourcemanager.v1.Project","projectNumber":"21359561087","projectId":"final-sba","lifecycleState":"ACTIVE","name":"Sportsday helper","createTime":"2025-07-15T10:04:12.677799Z","parent":{"type":"organization","id":"775408895595"}}}
[debug] [2025-07-15T10:04:13.317Z] Checked if tokens are valid: true, expires at: 1752577315982
[debug] [2025-07-15T10:04:13.317Z] Checked if tokens are valid: true, expires at: 1752577315982
[debug] [2025-07-15T10:04:13.318Z] >>> [apiv2][query] POST https://firebase.googleapis.com/v1beta1/projects/final-sba:addFirebase [none]
[debug] [2025-07-15T10:04:16.892Z] <<< [apiv2][status] POST https://firebase.googleapis.com/v1beta1/projects/final-sba:addFirebase 200
[debug] [2025-07-15T10:04:16.893Z] <<< [apiv2][body] POST https://firebase.googleapis.com/v1beta1/projects/final-sba:addFirebase {"name":"operations/workflows/MWUwYTU5MDctZTFhMi00YTc2LWE3MTctNTU3OTBhNjgwZGVj"}
[debug] [2025-07-15T10:04:16.893Z] Checked if tokens are valid: true, expires at: 1752577315982
[debug] [2025-07-15T10:04:16.893Z] Checked if tokens are valid: true, expires at: 1752577315982
[debug] [2025-07-15T10:04:16.893Z] >>> [apiv2][query] GET https://firebase.googleapis.com/v1beta1/operations/workflows/MWUwYTU5MDctZTFhMi00YTc2LWE3MTctNTU3OTBhNjgwZGVj [none]
[debug] [2025-07-15T10:04:20.121Z] <<< [apiv2][status] GET https://firebase.googleapis.com/v1beta1/operations/workflows/MWUwYTU5MDctZTFhMi00YTc2LWE3MTctNTU3OTBhNjgwZGVj 200
[debug] [2025-07-15T10:04:20.122Z] <<< [apiv2][body] GET https://firebase.googleapis.com/v1beta1/operations/workflows/MWUwYTU5MDctZTFhMi00YTc2LWE3MTctNTU3OTBhNjgwZGVj {"name":"operations/workflows/MWUwYTU5MDctZTFhMi00YTc2LWE3MTctNTU3OTBhNjgwZGVj"}
